<!DOCTYPE html PUBLIC "-//W3C//DTD XHTML 1.1//EN" "https://www.w3.org/TR/xhtml11/DTD/xhtml11.dtd">
<html xmlns="https://www.w3.org/1999/xhtml">
<head>
<meta http-equiv="content-type" content="text/html; charset=UTF-8"/>
<title>TestNG Report</title>
<style type="text/css">table {margin-bottom:10px;border-collapse:collapse;empty-cells:show}th,td {border:1px solid #009;padding:.25em .5em}th {vertical-align:bottom}td {vertical-align:top}table a {font-weight:bold}.stripe td {background-color: #E6EBF9}.num {text-align:right}.passedodd td {background-color: #3F3}.passedeven td {background-color: #0A0}.skippedodd td {background-color: #DDD}.skippedeven td {background-color: #CCC}.failedodd td,.attn {background-color: #F33}.failedeven td,.stripe .attn {background-color: #D00}.stacktrace {white-space:pre;font-family:monospace}.totop {font-size:85%;text-align:center;border-bottom:2px solid #000}.invisible {display:none}</style>
</head>
<body>
<table>
<tr><th>Test</th><th># Passed</th><th># Skipped</th><th># Retried</th><th># Failed</th><th>Time (ms)</th><th>Included Groups</th><th>Excluded Groups</th></tr>
<tr><th colspan="8">ContactListAppSuite</th></tr>
<tr><td><a href="#t0">LoginTest</a></td><td class="num">8</td><td class="num">0</td><td class="num">0</td><td class="num attn">2</td><td class="num">139,400</td><td></td><td></td></tr>
</table>
<table id='summary'><thead><tr><th>Class</th><th>Method</th><th>Start</th><th>Time (ms)</th></tr></thead><tbody><tr><th colspan="4">ContactListAppSuite</th></tr></tbody><tbody id="t0"><tr><th colspan="4">LoginTest &#8212; failed</th></tr><tr class="failedeven"><td rowspan="1">test.TC_005_VerifyInvalidCheckInDateTest</td><td><a href="#m0">validateDateFieldError</a></td><td rowspan="1">1746596385251</td><td rowspan="1">7940</td></tr><tr class="failedodd"><td rowspan="1">test.TC_006_VerifyPastDateTest</td><td><a href="#m1">validateDateFieldErrorForPastCheckInDate</a></td><td rowspan="1">1746596403192</td><td rowspan="1">7874</td></tr><tr><th colspan="4">LoginTest &#8212; passed</th></tr><tr class="passedeven"><td rowspan="1">test.TC_001_LoginTest</td><td><a href="#m2">loginTest</a></td><td rowspan="1">1746596344223</td><td rowspan="1">1464</td></tr><tr class="passedodd"><td rowspan="3">test.TC_002_003_004_LoginNegativeTests</td><td><a href="#m3">TC_Login_001_EmptyUsernameAndPassword</a></td><td rowspan="1">1746596355023</td><td rowspan="1">543</td></tr><tr class="passedodd"><td><a href="#m4">TC_Login_003_OnlyPasswordEntered</a></td><td rowspan="1">1746596365114</td><td rowspan="1">529</td></tr><tr class="passedodd"><td><a href="#m5">TC_Login_007_SpecialCharacters</a></td><td rowspan="1">1746596374925</td><td rowspan="1">682</td></tr><tr class="passedeven"><td rowspan="1">test.TC_007_VerifyDateRetentionTest</td><td><a href="#m6">validateCheckInAndOutDatesRetained</a></td><td rowspan="1">1746596421072</td><td rowspan="1">2600</td></tr><tr class="passedodd"><td rowspan="1">test.TC_008_VerifyLocationTest</td><td><a href="#m7">verifyLocationOnSelectHotelPage</a></td><td rowspan="1">1746596433232</td><td rowspan="1">3082</td></tr><tr class="passedeven"><td rowspan="1">test.TC_009_VerifyFinalPriceTest</td><td><a href="#m8">verifyFinalBilledPrice</a></td><td rowspan="1">1746596446038</td><td rowspan="1">3311</td></tr><tr class="passedodd"><td rowspan="1">test.TC_010_VerifyOrderNumberTest</td><td><a href="#m9">verifyOrderNumberGenerated</a></td><td rowspan="1">1746596458973</td><td rowspan="1">12049</td></tr></tbody>
</table>
<h2>LoginTest</h2><h3 id="m0">test.TC_005_VerifyInvalidCheckInDateTest#validateDateFieldError</h3><table class="result"><tr class="param"><th>Parameter #1</th><th>Parameter #2</th><th>Parameter #3</th><th>Parameter #4</th><th>Parameter #5</th><th>Parameter #6</th><th>Parameter #7</th><th>Parameter #8</th></tr><tr class="param stripe"><td>veecee221188</td><td>XECM8G</td><td>Sydney</td><td>Hotel Creek</td><td>Standard</td><td>2 - Two</td><td>15/5/2025</td><td>11/5/25</td></tr><tr><th colspan="8">Exception</th></tr><tr><td colspan="8"><div class="stacktrace">java.lang.AssertionError: No error shown for invalid date
	at org.testng.Assert.fail(Assert.java:111)
	at test.TC_005_VerifyInvalidCheckInDateTest.validateDateFieldError(TC_005_VerifyInvalidCheckInDateTest.java:57)
	at java.base/jdk.internal.reflect.DirectMethodHandleAccessor.invoke(DirectMethodHandleAccessor.java:103)
	at java.base/java.lang.reflect.Method.invoke(Method.java:580)
	at org.testng.internal.invokers.MethodInvocationHelper.invokeMethod(MethodInvocationHelper.java:139)
	at org.testng.internal.invokers.TestInvoker.invokeMethod(TestInvoker.java:664)
	at org.testng.internal.invokers.TestInvoker.invokeTestMethod(TestInvoker.java:227)
	at org.testng.internal.invokers.MethodRunner.runInSequence(MethodRunner.java:50)
	at org.testng.internal.invokers.TestInvoker$MethodInvocationAgent.invoke(TestInvoker.java:957)
	at org.testng.internal.invokers.TestInvoker.invokeTestMethods(TestInvoker.java:200)
	at org.testng.internal.invokers.TestMethodWorker.invokeTestMethods(TestMethodWorker.java:148)
	at org.testng.internal.invokers.TestMethodWorker.run(TestMethodWorker.java:128)
	at java.base/java.util.ArrayList.forEach(ArrayList.java:1596)
	at org.testng.TestRunner.privateRun(TestRunner.java:848)
	at org.testng.TestRunner.run(TestRunner.java:621)
	at org.testng.SuiteRunner.runTest(SuiteRunner.java:443)
	at org.testng.SuiteRunner.runSequentially(SuiteRunner.java:437)
	at org.testng.SuiteRunner.privateRun(SuiteRunner.java:397)
	at org.testng.SuiteRunner.run(SuiteRunner.java:336)
	at org.testng.SuiteRunnerWorker.runSuite(SuiteRunnerWorker.java:52)
	at org.testng.SuiteRunnerWorker.run(SuiteRunnerWorker.java:95)
	at org.testng.TestNG.runSuitesSequentially(TestNG.java:1280)
	at org.testng.TestNG.runSuitesLocally(TestNG.java:1200)
	at org.testng.TestNG.runSuites(TestNG.java:1114)
	at org.testng.TestNG.run(TestNG.java:1082)
	at org.testng.remote.AbstractRemoteTestNG.run(AbstractRemoteTestNG.java:115)
	at org.testng.remote.RemoteTestNG.initAndRun(RemoteTestNG.java:293)
	at org.testng.remote.RemoteTestNG.main(RemoteTestNG.java:91)
</div></td></tr></table><p class="totop"><a href="#summary">back to summary</a></p>
<h3 id="m1">test.TC_006_VerifyPastDateTest#validateDateFieldErrorForPastCheckInDate</h3><table class="result"><tr class="param"><th>Parameter #1</th><th>Parameter #2</th><th>Parameter #3</th><th>Parameter #4</th><th>Parameter #5</th><th>Parameter #6</th><th>Parameter #7</th><th>Parameter #8</th></tr><tr class="param stripe"><td>veecee221188</td><td>XECM8G</td><td>Sydney</td><td>Hotel Creek</td><td>Standard</td><td>2 - Two</td><td>2/5/25</td><td>3/5/25</td></tr><tr><th colspan="8">Exception</th></tr><tr><td colspan="8"><div class="stacktrace">java.lang.AssertionError: Test failed: No error message shown for invalid past check-in date.
	at org.testng.Assert.fail(Assert.java:111)
	at test.TC_006_VerifyPastDateTest.validateDateFieldErrorForPastCheckInDate(TC_006_VerifyPastDateTest.java:56)
	at java.base/jdk.internal.reflect.DirectMethodHandleAccessor.invoke(DirectMethodHandleAccessor.java:103)
	at java.base/java.lang.reflect.Method.invoke(Method.java:580)
	at org.testng.internal.invokers.MethodInvocationHelper.invokeMethod(MethodInvocationHelper.java:139)
	at org.testng.internal.invokers.TestInvoker.invokeMethod(TestInvoker.java:664)
	at org.testng.internal.invokers.TestInvoker.invokeTestMethod(TestInvoker.java:227)
	at org.testng.internal.invokers.MethodRunner.runInSequence(MethodRunner.java:50)
	at org.testng.internal.invokers.TestInvoker$MethodInvocationAgent.invoke(TestInvoker.java:957)
	at org.testng.internal.invokers.TestInvoker.invokeTestMethods(TestInvoker.java:200)
	at org.testng.internal.invokers.TestMethodWorker.invokeTestMethods(TestMethodWorker.java:148)
	at org.testng.internal.invokers.TestMethodWorker.run(TestMethodWorker.java:128)
	at java.base/java.util.ArrayList.forEach(ArrayList.java:1596)
	at org.testng.TestRunner.privateRun(TestRunner.java:848)
	at org.testng.TestRunner.run(TestRunner.java:621)
	at org.testng.SuiteRunner.runTest(SuiteRunner.java:443)
	at org.testng.SuiteRunner.runSequentially(SuiteRunner.java:437)
	at org.testng.SuiteRunner.privateRun(SuiteRunner.java:397)
	at org.testng.SuiteRunner.run(SuiteRunner.java:336)
	at org.testng.SuiteRunnerWorker.runSuite(SuiteRunnerWorker.java:52)
	at org.testng.SuiteRunnerWorker.run(SuiteRunnerWorker.java:95)
	at org.testng.TestNG.runSuitesSequentially(TestNG.java:1280)
	at org.testng.TestNG.runSuitesLocally(TestNG.java:1200)
	at org.testng.TestNG.runSuites(TestNG.java:1114)
	at org.testng.TestNG.run(TestNG.java:1082)
	at org.testng.remote.AbstractRemoteTestNG.run(AbstractRemoteTestNG.java:115)
	at org.testng.remote.RemoteTestNG.initAndRun(RemoteTestNG.java:293)
	at org.testng.remote.RemoteTestNG.main(RemoteTestNG.java:91)
</div></td></tr></table><p class="totop"><a href="#summary">back to summary</a></p>
<h3 id="m2">test.TC_001_LoginTest#loginTest</h3><table class="result"><tr class="param"><th>Parameter #1</th><th>Parameter #2</th></tr><tr class="param stripe"><td>veecee221188</td><td>XECM8G</td></tr></table><p class="totop"><a href="#summary">back to summary</a></p>
<h3 id="m3">test.TC_002_003_004_LoginNegativeTests#TC_Login_001_EmptyUsernameAndPassword</h3><table class="result"><tr><th class="invisible"/></tr></table><p class="totop"><a href="#summary">back to summary</a></p>
<h3 id="m4">test.TC_002_003_004_LoginNegativeTests#TC_Login_003_OnlyPasswordEntered</h3><table class="result"><tr><th class="invisible"/></tr></table><p class="totop"><a href="#summary">back to summary</a></p>
<h3 id="m5">test.TC_002_003_004_LoginNegativeTests#TC_Login_007_SpecialCharacters</h3><table class="result"><tr><th class="invisible"/></tr></table><p class="totop"><a href="#summary">back to summary</a></p>
<h3 id="m6">test.TC_007_VerifyDateRetentionTest#validateCheckInAndOutDatesRetained</h3><table class="result"><tr class="param"><th>Parameter #1</th><th>Parameter #2</th><th>Parameter #3</th><th>Parameter #4</th><th>Parameter #5</th><th>Parameter #6</th><th>Parameter #7</th><th>Parameter #8</th></tr><tr class="param stripe"><td>veecee221188</td><td>XECM8G</td><td>Sydney</td><td>Hotel Creek</td><td>Standard</td><td>2 - Two</td><td>2/5/25</td><td>3/5/25</td></tr></table><p class="totop"><a href="#summary">back to summary</a></p>
<h3 id="m7">test.TC_008_VerifyLocationTest#verifyLocationOnSelectHotelPage</h3><table class="result"><tr class="param"><th>Parameter #1</th><th>Parameter #2</th><th>Parameter #3</th><th>Parameter #4</th><th>Parameter #5</th><th>Parameter #6</th><th>Parameter #7</th><th>Parameter #8</th><th>Parameter #9</th><th>Parameter #10</th></tr><tr class="param stripe"><td>veecee221188</td><td>XECM8G</td><td>Sydney</td><td>Hotel Creek</td><td>Standard</td><td>2 - Two</td><td>8/5/25</td><td>9/5/25</td><td>1 - One</td><td>0 - None</td></tr></table><p class="totop"><a href="#summary">back to summary</a></p>
<h3 id="m8">test.TC_009_VerifyFinalPriceTest#verifyFinalBilledPrice</h3><table class="result"><tr class="param"><th>Parameter #1</th><th>Parameter #2</th><th>Parameter #3</th><th>Parameter #4</th><th>Parameter #5</th><th>Parameter #6</th><th>Parameter #7</th><th>Parameter #8</th><th>Parameter #9</th><th>Parameter #10</th><th>Parameter #11</th><th>Parameter #12</th></tr><tr class="param stripe"><td>veecee221188</td><td>XECM8G</td><td>Sydney</td><td>Hotel Creek</td><td>Standard</td><td>2 - Two</td><td>8/5/25</td><td>9/5/25</td><td>1 - One</td><td>0 - None</td><td>125</td><td>135</td></tr></table><p class="totop"><a href="#summary">back to summary</a></p>
<h3 id="m9">test.TC_010_VerifyOrderNumberTest#verifyOrderNumberGenerated</h3><table class="result"><tr class="param"><th>Parameter #1</th><th>Parameter #2</th><th>Parameter #3</th><th>Parameter #4</th><th>Parameter #5</th><th>Parameter #6</th><th>Parameter #7</th><th>Parameter #8</th><th>Parameter #9</th><th>Parameter #10</th></tr><tr class="param stripe"><td>veecee221188</td><td>XECM8G</td><td>Sydney</td><td>Hotel Creek</td><td>Standard</td><td>2 - Two</td><td>8/5/25</td><td>9/5/25</td><td>1 - One</td><td>0 - None</td></tr></table><p class="totop"><a href="#summary">back to summary</a></p>
</body>
</html>
