<?xml version="1.0" encoding="UTF-8"?>
<testng-results ignored="0" total="7" passed="5" failed="2" skipped="0">
  <reporter-output>
  </reporter-output>
  <suite started-at="2025-05-06T16:52:36 IST" name="ContactListAppSuite" finished-at="2025-05-06T16:54:04 IST" duration-ms="88021">
    <groups>
    </groups>
    <test started-at="2025-05-06T16:52:36 IST" name="LoginTest" finished-at="2025-05-06T16:54:04 IST" duration-ms="88021">
      <class name="test.TC_002_LoginNegativeTests">
        <test-method is-config="true" signature="launchingAndLoadingURL(java.lang.String,java.lang.String)[pri:0, instance:test.TC_002_LoginNegativeTests@3cfdd820]" started-at="2025-05-06T16:52:49 IST" name="launchingAndLoadingURL" finished-at="2025-05-06T16:52:56 IST" duration-ms="7373" status="PASS">
          <params>
            <param index="0">
              <value>
                <![CDATA[firefox]]>
              </value>
            </param>
            <param index="1">
              <value>
                <![CDATA[https://adactinhotelapp.com]]>
              </value>
            </param>
          </params>
          <reporter-output>
          </reporter-output>
        </test-method> <!-- launchingAndLoadingURL -->
        <test-method signature="TC_Login_001_EmptyUsernameAndPassword()[pri:0, instance:test.TC_002_LoginNegativeTests@3cfdd820]" started-at="2025-05-06T16:52:56 IST" name="TC_Login_001_EmptyUsernameAndPassword" finished-at="2025-05-06T16:52:57 IST" duration-ms="558" status="PASS">
          <reporter-output>
          </reporter-output>
        </test-method> <!-- TC_Login_001_EmptyUsernameAndPassword -->
        <test-method is-config="true" signature="closeBrowserOnly()[pri:0, instance:test.TC_002_LoginNegativeTests@3cfdd820]" started-at="2025-05-06T16:52:57 IST" name="closeBrowserOnly" finished-at="2025-05-06T16:52:59 IST" duration-ms="1442" status="PASS">
          <reporter-output>
          </reporter-output>
        </test-method> <!-- closeBrowserOnly -->
        <test-method is-config="true" signature="launchingAndLoadingURL(java.lang.String,java.lang.String)[pri:0, instance:test.TC_002_LoginNegativeTests@3cfdd820]" started-at="2025-05-06T16:52:59 IST" name="launchingAndLoadingURL" finished-at="2025-05-06T16:53:06 IST" duration-ms="7276" status="PASS">
          <params>
            <param index="0">
              <value>
                <![CDATA[firefox]]>
              </value>
            </param>
            <param index="1">
              <value>
                <![CDATA[https://adactinhotelapp.com]]>
              </value>
            </param>
          </params>
          <reporter-output>
          </reporter-output>
        </test-method> <!-- launchingAndLoadingURL -->
        <test-method signature="TC_Login_003_OnlyPasswordEntered()[pri:0, instance:test.TC_002_LoginNegativeTests@3cfdd820]" started-at="2025-05-06T16:53:06 IST" name="TC_Login_003_OnlyPasswordEntered" finished-at="2025-05-06T16:53:06 IST" duration-ms="533" status="PASS">
          <reporter-output>
          </reporter-output>
        </test-method> <!-- TC_Login_003_OnlyPasswordEntered -->
        <test-method is-config="true" signature="closeBrowserOnly()[pri:0, instance:test.TC_002_LoginNegativeTests@3cfdd820]" started-at="2025-05-06T16:53:06 IST" name="closeBrowserOnly" finished-at="2025-05-06T16:53:08 IST" duration-ms="1424" status="PASS">
          <reporter-output>
          </reporter-output>
        </test-method> <!-- closeBrowserOnly -->
        <test-method is-config="true" signature="launchingAndLoadingURL(java.lang.String,java.lang.String)[pri:0, instance:test.TC_002_LoginNegativeTests@3cfdd820]" started-at="2025-05-06T16:53:08 IST" name="launchingAndLoadingURL" finished-at="2025-05-06T16:53:16 IST" duration-ms="7895" status="PASS">
          <params>
            <param index="0">
              <value>
                <![CDATA[firefox]]>
              </value>
            </param>
            <param index="1">
              <value>
                <![CDATA[https://adactinhotelapp.com]]>
              </value>
            </param>
          </params>
          <reporter-output>
          </reporter-output>
        </test-method> <!-- launchingAndLoadingURL -->
        <test-method signature="TC_Login_007_SpecialCharacters()[pri:0, instance:test.TC_002_LoginNegativeTests@3cfdd820]" started-at="2025-05-06T16:53:16 IST" name="TC_Login_007_SpecialCharacters" finished-at="2025-05-06T16:53:16 IST" duration-ms="689" status="PASS">
          <reporter-output>
          </reporter-output>
        </test-method> <!-- TC_Login_007_SpecialCharacters -->
        <test-method is-config="true" signature="closeBrowserOnly()[pri:0, instance:test.TC_002_LoginNegativeTests@3cfdd820]" started-at="2025-05-06T16:53:16 IST" name="closeBrowserOnly" finished-at="2025-05-06T16:53:18 IST" duration-ms="1435" status="PASS">
          <reporter-output>
          </reporter-output>
        </test-method> <!-- closeBrowserOnly -->
      </class> <!-- test.TC_002_LoginNegativeTests -->
      <class name="test.TC_001_LoginTest">
        <test-method is-config="true" signature="reportInitialization()[pri:0, instance:test.TC_001_LoginTest@19b843ba]" started-at="2025-05-06T16:52:36 IST" name="reportInitialization" finished-at="2025-05-06T16:52:36 IST" duration-ms="17" status="PASS">
          <reporter-output>
          </reporter-output>
        </test-method> <!-- reportInitialization -->
        <test-method is-config="true" signature="launchingAndLoadingURL(java.lang.String,java.lang.String)[pri:0, instance:test.TC_001_LoginTest@19b843ba]" started-at="2025-05-06T16:52:37 IST" name="launchingAndLoadingURL" finished-at="2025-05-06T16:52:46 IST" duration-ms="8828" status="PASS">
          <params>
            <param index="0">
              <value>
                <![CDATA[firefox]]>
              </value>
            </param>
            <param index="1">
              <value>
                <![CDATA[https://adactinhotelapp.com]]>
              </value>
            </param>
          </params>
          <reporter-output>
          </reporter-output>
        </test-method> <!-- launchingAndLoadingURL -->
        <test-method signature="loginTest(java.lang.String,java.lang.String)[pri:0, instance:test.TC_001_LoginTest@19b843ba]" started-at="2025-05-06T16:52:46 IST" name="loginTest" data-provider="getLoginData" finished-at="2025-05-06T16:52:48 IST" duration-ms="1359" status="PASS">
          <params>
            <param index="0">
              <value>
                <![CDATA[veecee221188]]>
              </value>
            </param>
            <param index="1">
              <value>
                <![CDATA[XECM8G]]>
              </value>
            </param>
          </params>
          <reporter-output>
          </reporter-output>
        </test-method> <!-- loginTest -->
        <test-method is-config="true" signature="closeBrowserOnly()[pri:0, instance:test.TC_001_LoginTest@19b843ba]" started-at="2025-05-06T16:52:48 IST" name="closeBrowserOnly" finished-at="2025-05-06T16:52:49 IST" duration-ms="1426" status="PASS">
          <reporter-output>
          </reporter-output>
        </test-method> <!-- closeBrowserOnly -->
        <test-method is-config="true" signature="tearDown()[pri:0, instance:test.TC_001_LoginTest@19b843ba]" started-at="2025-05-06T16:54:05 IST" name="tearDown" finished-at="2025-05-06T16:54:05 IST" duration-ms="89" status="PASS">
          <reporter-output>
          </reporter-output>
        </test-method> <!-- tearDown -->
        <test-method is-config="true" signature="reportClose()[pri:0, instance:test.TC_001_LoginTest@19b843ba]" started-at="2025-05-06T16:54:05 IST" name="reportClose" finished-at="2025-05-06T16:54:05 IST" depends-on-methods="test.TC_001_LoginTest.tearDown" duration-ms="17" status="PASS">
          <reporter-output>
          </reporter-output>
        </test-method> <!-- reportClose -->
      </class> <!-- test.TC_001_LoginTest -->
      <class name="test.TC_004_VerifyPastDateTest">
        <test-method is-config="true" signature="launchingAndLoadingURL(java.lang.String,java.lang.String)[pri:0, instance:test.TC_004_VerifyPastDateTest@e25951c]" started-at="2025-05-06T16:53:35 IST" name="launchingAndLoadingURL" finished-at="2025-05-06T16:53:43 IST" duration-ms="7612" status="PASS">
          <params>
            <param index="0">
              <value>
                <![CDATA[firefox]]>
              </value>
            </param>
            <param index="1">
              <value>
                <![CDATA[https://adactinhotelapp.com]]>
              </value>
            </param>
          </params>
          <reporter-output>
          </reporter-output>
        </test-method> <!-- launchingAndLoadingURL -->
        <test-method signature="validateDateFieldErrorForPastCheckInDate(java.lang.String,java.lang.String,java.lang.String,java.lang.String,java.lang.String,java.lang.String,java.lang.String,java.lang.String)[pri:0, instance:test.TC_004_VerifyPastDateTest@e25951c]" started-at="2025-05-06T16:53:43 IST" name="validateDateFieldErrorForPastCheckInDate" data-provider="BookingPastDate" finished-at="2025-05-06T16:53:51 IST" duration-ms="7939" status="FAIL">
          <params>
            <param index="0">
              <value>
                <![CDATA[veecee221188]]>
              </value>
            </param>
            <param index="1">
              <value>
                <![CDATA[XECM8G]]>
              </value>
            </param>
            <param index="2">
              <value>
                <![CDATA[Sydney]]>
              </value>
            </param>
            <param index="3">
              <value>
                <![CDATA[Hotel Creek]]>
              </value>
            </param>
            <param index="4">
              <value>
                <![CDATA[Standard]]>
              </value>
            </param>
            <param index="5">
              <value>
                <![CDATA[2 - Two]]>
              </value>
            </param>
            <param index="6">
              <value>
                <![CDATA[2/5/25]]>
              </value>
            </param>
            <param index="7">
              <value>
                <![CDATA[3/5/25]]>
              </value>
            </param>
          </params>
          <exception class="java.lang.AssertionError">
            <message>
              <![CDATA[Test failed: No error message shown for invalid past check-in date.]]>
            </message>
            <full-stacktrace>
              <![CDATA[java.lang.AssertionError: Test failed: No error message shown for invalid past check-in date.
at org.testng.Assert.fail(Assert.java:111)
at test.TC_004_VerifyPastDateTest.validateDateFieldErrorForPastCheckInDate(TC_004_VerifyPastDateTest.java:56)
at java.base/jdk.internal.reflect.DirectMethodHandleAccessor.invoke(DirectMethodHandleAccessor.java:103)
at java.base/java.lang.reflect.Method.invoke(Method.java:580)
at org.testng.internal.invokers.MethodInvocationHelper.invokeMethod(MethodInvocationHelper.java:139)
at org.testng.internal.invokers.TestInvoker.invokeMethod(TestInvoker.java:664)
at org.testng.internal.invokers.TestInvoker.invokeTestMethod(TestInvoker.java:227)
at org.testng.internal.invokers.MethodRunner.runInSequence(MethodRunner.java:50)
at org.testng.internal.invokers.TestInvoker$MethodInvocationAgent.invoke(TestInvoker.java:957)
at org.testng.internal.invokers.TestInvoker.invokeTestMethods(TestInvoker.java:200)
at org.testng.internal.invokers.TestMethodWorker.invokeTestMethods(TestMethodWorker.java:148)
at org.testng.internal.invokers.TestMethodWorker.run(TestMethodWorker.java:128)
at java.base/java.util.ArrayList.forEach(ArrayList.java:1596)
at org.testng.TestRunner.privateRun(TestRunner.java:848)
at org.testng.TestRunner.run(TestRunner.java:621)
at org.testng.SuiteRunner.runTest(SuiteRunner.java:443)
at org.testng.SuiteRunner.runSequentially(SuiteRunner.java:437)
at org.testng.SuiteRunner.privateRun(SuiteRunner.java:397)
at org.testng.SuiteRunner.run(SuiteRunner.java:336)
at org.testng.SuiteRunnerWorker.runSuite(SuiteRunnerWorker.java:52)
at org.testng.SuiteRunnerWorker.run(SuiteRunnerWorker.java:95)
at org.testng.TestNG.runSuitesSequentially(TestNG.java:1280)
at org.testng.TestNG.runSuitesLocally(TestNG.java:1200)
at org.testng.TestNG.runSuites(TestNG.java:1114)
at org.testng.TestNG.run(TestNG.java:1082)
at org.testng.remote.AbstractRemoteTestNG.run(AbstractRemoteTestNG.java:115)
at org.testng.remote.RemoteTestNG.initAndRun(RemoteTestNG.java:293)
at org.testng.remote.RemoteTestNG.main(RemoteTestNG.java:91)
]]>
            </full-stacktrace>
          </exception> <!-- java.lang.AssertionError -->
          <reporter-output>
          </reporter-output>
        </test-method> <!-- validateDateFieldErrorForPastCheckInDate -->
        <test-method is-config="true" signature="closeBrowserOnly()[pri:0, instance:test.TC_004_VerifyPastDateTest@e25951c]" started-at="2025-05-06T16:53:51 IST" name="closeBrowserOnly" finished-at="2025-05-06T16:53:52 IST" duration-ms="1306" status="PASS">
          <reporter-output>
          </reporter-output>
        </test-method> <!-- closeBrowserOnly -->
      </class> <!-- test.TC_004_VerifyPastDateTest -->
      <class name="test.TC_005_VerifyDateRetentionTest">
        <test-method is-config="true" signature="launchingAndLoadingURL(java.lang.String,java.lang.String)[pri:0, instance:test.TC_005_VerifyDateRetentionTest@15f47664]" started-at="2025-05-06T16:53:52 IST" name="launchingAndLoadingURL" finished-at="2025-05-06T16:54:00 IST" duration-ms="7824" status="PASS">
          <params>
            <param index="0">
              <value>
                <![CDATA[firefox]]>
              </value>
            </param>
            <param index="1">
              <value>
                <![CDATA[https://adactinhotelapp.com]]>
              </value>
            </param>
          </params>
          <reporter-output>
          </reporter-output>
        </test-method> <!-- launchingAndLoadingURL -->
        <test-method signature="validateCheckInAndOutDatesRetained(java.lang.String,java.lang.String,java.lang.String,java.lang.String,java.lang.String,java.lang.String,java.lang.String,java.lang.String)[pri:0, instance:test.TC_005_VerifyDateRetentionTest@15f47664]" started-at="2025-05-06T16:54:00 IST" name="validateCheckInAndOutDatesRetained" data-provider="BookingData" finished-at="2025-05-06T16:54:03 IST" duration-ms="2725" status="PASS">
          <params>
            <param index="0">
              <value>
                <![CDATA[veecee221188]]>
              </value>
            </param>
            <param index="1">
              <value>
                <![CDATA[XECM8G]]>
              </value>
            </param>
            <param index="2">
              <value>
                <![CDATA[Sydney]]>
              </value>
            </param>
            <param index="3">
              <value>
                <![CDATA[Hotel Creek]]>
              </value>
            </param>
            <param index="4">
              <value>
                <![CDATA[Standard]]>
              </value>
            </param>
            <param index="5">
              <value>
                <![CDATA[2 - Two]]>
              </value>
            </param>
            <param index="6">
              <value>
                <![CDATA[2/5/25]]>
              </value>
            </param>
            <param index="7">
              <value>
                <![CDATA[3/5/25]]>
              </value>
            </param>
          </params>
          <reporter-output>
          </reporter-output>
        </test-method> <!-- validateCheckInAndOutDatesRetained -->
        <test-method is-config="true" signature="closeBrowserOnly()[pri:0, instance:test.TC_005_VerifyDateRetentionTest@15f47664]" started-at="2025-05-06T16:54:03 IST" name="closeBrowserOnly" finished-at="2025-05-06T16:54:04 IST" duration-ms="1363" status="PASS">
          <reporter-output>
          </reporter-output>
        </test-method> <!-- closeBrowserOnly -->
      </class> <!-- test.TC_005_VerifyDateRetentionTest -->
      <class name="test.TC_003_VerifyInvalidCheckInDateTest">
        <test-method is-config="true" signature="launchingAndLoadingURL(java.lang.String,java.lang.String)[pri:0, instance:test.TC_003_VerifyInvalidCheckInDateTest@928763c]" started-at="2025-05-06T16:53:18 IST" name="launchingAndLoadingURL" finished-at="2025-05-06T16:53:26 IST" duration-ms="8056" status="PASS">
          <params>
            <param index="0">
              <value>
                <![CDATA[firefox]]>
              </value>
            </param>
            <param index="1">
              <value>
                <![CDATA[https://adactinhotelapp.com]]>
              </value>
            </param>
          </params>
          <reporter-output>
          </reporter-output>
        </test-method> <!-- launchingAndLoadingURL -->
        <test-method signature="validateDateFieldError(java.lang.String,java.lang.String,java.lang.String,java.lang.String,java.lang.String,java.lang.String,java.lang.String,java.lang.String)[pri:0, instance:test.TC_003_VerifyInvalidCheckInDateTest@928763c]" started-at="2025-05-06T16:53:26 IST" name="validateDateFieldError" data-provider="getHotelBookingData" finished-at="2025-05-06T16:53:34 IST" duration-ms="7877" status="FAIL">
          <params>
            <param index="0">
              <value>
                <![CDATA[veecee221188]]>
              </value>
            </param>
            <param index="1">
              <value>
                <![CDATA[XECM8G]]>
              </value>
            </param>
            <param index="2">
              <value>
                <![CDATA[Sydney]]>
              </value>
            </param>
            <param index="3">
              <value>
                <![CDATA[Hotel Creek]]>
              </value>
            </param>
            <param index="4">
              <value>
                <![CDATA[Standard]]>
              </value>
            </param>
            <param index="5">
              <value>
                <![CDATA[2 - Two]]>
              </value>
            </param>
            <param index="6">
              <value>
                <![CDATA[15/5/2025]]>
              </value>
            </param>
            <param index="7">
              <value>
                <![CDATA[11/5/25]]>
              </value>
            </param>
          </params>
          <exception class="java.lang.AssertionError">
            <message>
              <![CDATA[No error shown for invalid date]]>
            </message>
            <full-stacktrace>
              <![CDATA[java.lang.AssertionError: No error shown for invalid date
at org.testng.Assert.fail(Assert.java:111)
at test.TC_003_VerifyInvalidCheckInDateTest.validateDateFieldError(TC_003_VerifyInvalidCheckInDateTest.java:57)
at java.base/jdk.internal.reflect.DirectMethodHandleAccessor.invoke(DirectMethodHandleAccessor.java:103)
at java.base/java.lang.reflect.Method.invoke(Method.java:580)
at org.testng.internal.invokers.MethodInvocationHelper.invokeMethod(MethodInvocationHelper.java:139)
at org.testng.internal.invokers.TestInvoker.invokeMethod(TestInvoker.java:664)
at org.testng.internal.invokers.TestInvoker.invokeTestMethod(TestInvoker.java:227)
at org.testng.internal.invokers.MethodRunner.runInSequence(MethodRunner.java:50)
at org.testng.internal.invokers.TestInvoker$MethodInvocationAgent.invoke(TestInvoker.java:957)
at org.testng.internal.invokers.TestInvoker.invokeTestMethods(TestInvoker.java:200)
at org.testng.internal.invokers.TestMethodWorker.invokeTestMethods(TestMethodWorker.java:148)
at org.testng.internal.invokers.TestMethodWorker.run(TestMethodWorker.java:128)
at java.base/java.util.ArrayList.forEach(ArrayList.java:1596)
at org.testng.TestRunner.privateRun(TestRunner.java:848)
at org.testng.TestRunner.run(TestRunner.java:621)
at org.testng.SuiteRunner.runTest(SuiteRunner.java:443)
at org.testng.SuiteRunner.runSequentially(SuiteRunner.java:437)
at org.testng.SuiteRunner.privateRun(SuiteRunner.java:397)
at org.testng.SuiteRunner.run(SuiteRunner.java:336)
at org.testng.SuiteRunnerWorker.runSuite(SuiteRunnerWorker.java:52)
at org.testng.SuiteRunnerWorker.run(SuiteRunnerWorker.java:95)
at org.testng.TestNG.runSuitesSequentially(TestNG.java:1280)
at org.testng.TestNG.runSuitesLocally(TestNG.java:1200)
at org.testng.TestNG.runSuites(TestNG.java:1114)
at org.testng.TestNG.run(TestNG.java:1082)
at org.testng.remote.AbstractRemoteTestNG.run(AbstractRemoteTestNG.java:115)
at org.testng.remote.RemoteTestNG.initAndRun(RemoteTestNG.java:293)
at org.testng.remote.RemoteTestNG.main(RemoteTestNG.java:91)
]]>
            </full-stacktrace>
          </exception> <!-- java.lang.AssertionError -->
          <reporter-output>
          </reporter-output>
        </test-method> <!-- validateDateFieldError -->
        <test-method is-config="true" signature="closeBrowserOnly()[pri:0, instance:test.TC_003_VerifyInvalidCheckInDateTest@928763c]" started-at="2025-05-06T16:53:34 IST" name="closeBrowserOnly" finished-at="2025-05-06T16:53:35 IST" duration-ms="1294" status="PASS">
          <reporter-output>
          </reporter-output>
        </test-method> <!-- closeBrowserOnly -->
        <test-method is-config="true" signature="browserQuit()[pri:0, instance:test.TC_003_VerifyInvalidCheckInDateTest@928763c]" started-at="2025-05-06T16:54:04 IST" name="browserQuit" finished-at="2025-05-06T16:54:04 IST" duration-ms="1" status="PASS">
          <reporter-output>
          </reporter-output>
        </test-method> <!-- browserQuit -->
      </class> <!-- test.TC_003_VerifyInvalidCheckInDateTest -->
    </test> <!-- LoginTest -->
  </suite> <!-- ContactListAppSuite -->
</testng-results>
